<?xml version="1.0" encoding="UTF-8" standalone="yes"?>
<ns2:test-suite start="1551888794090" stop="1551888846696" version="1.5.4" xmlns:ns2="urn:model.allure.qatools.yandex.ru">
    <name>Default Suite : standalone-test</name>
    <title>Default Suite : standalone-test</title>
    <test-cases>
        <test-case start="1551888794438" stop="1551888839324" status="canceled">
            <name>CheckHeaderMenu on [quickTest passed=0 failed=0 skipped=0]</name>
            <title>Check header menu elements</title>
            <description type="text">1.1 Open start page. Check out header menu elements.</description>
            <failure>
                <message>: Skipped due to dependency on other skipped or failed test methods</message>
                <stack-trace>ru.yandex.qatools.allure.testng.AllureTestListener$1: Skipped due to dependency on other skipped or failed test methods
	at ru.yandex.qatools.allure.testng.AllureTestListener.fireTestCaseCancel(AllureTestListener.java:425)
	at ru.yandex.qatools.allure.testng.AllureTestListener.onTestSkipped(AllureTestListener.java:186)
	at org.testng.internal.Invoker.runTestListeners(Invoker.java:1723)
	at org.testng.internal.Invoker.runTestListeners(Invoker.java:1714)
	at org.testng.internal.Invoker.invokeMethod(Invoker.java:714)
	at org.testng.internal.Invoker.invokeTestMethod(Invoker.java:869)
	at org.testng.internal.Invoker.invokeTestMethods(Invoker.java:1193)
	at org.testng.internal.TestMethodWorker.invokeTestMethods(TestMethodWorker.java:126)
	at org.testng.internal.TestMethodWorker.run(TestMethodWorker.java:109)
	at org.testng.TestRunner.privateRun(TestRunner.java:744)
	at org.testng.TestRunner.run(TestRunner.java:602)
	at org.testng.SuiteRunner.runTest(SuiteRunner.java:380)
	at org.testng.SuiteRunner.runSequentially(SuiteRunner.java:375)
	at org.testng.SuiteRunner.privateRun(SuiteRunner.java:340)
	at org.testng.SuiteRunner.run(SuiteRunner.java:289)
	at org.testng.SuiteRunnerWorker.runSuite(SuiteRunnerWorker.java:52)
	at org.testng.SuiteRunnerWorker.run(SuiteRunnerWorker.java:86)
	at org.testng.TestNG.runSuitesSequentially(TestNG.java:1301)
	at org.testng.TestNG.runSuitesLocally(TestNG.java:1226)
	at org.testng.TestNG.runSuites(TestNG.java:1144)
	at org.testng.TestNG.run(TestNG.java:1115)
	at org.testng.IDEARemoteTestNG.run(IDEARemoteTestNG.java:73)
	at org.testng.RemoteTestNGStarter.main(RemoteTestNGStarter.java:123)
</stack-trace>
            </failure>
            <steps>
                <step start="1551888794495" stop="1551888799491" status="passed">
                    <name>setBrowser</name>
                    <title>Инициализация браузера</title>
                </step>
                <step start="1551888799526" stop="1551888806961" status="passed">
                    <name>openURL</name>
                    <title>Init URL page, Load and check</title>
                </step>
                <step start="1551888806962" stop="1551888811328" status="passed">
                    <name>clickHeaderLogo</name>
                    <title>header menu LOGO. Check and click on it</title>
                </step>
                <step start="1551888811329" stop="1551888815038" status="passed">
                    <name>clickHeaderProjects</name>
                    <title>header menu Projects. Check and click on it</title>
                </step>
                <step start="1551888815039" stop="1551888817176" status="passed">
                    <name>clickHeaderLogo</name>
                    <title>header menu LOGO. Check and click on it</title>
                </step>
                <step start="1551888817180" stop="1551888819521" status="passed">
                    <name>clickHeaderServices</name>
                    <title>header menu Services. Check and click on it</title>
                </step>
                <step start="1551888819527" stop="1551888821514" status="passed">
                    <name>clickHeaderLogo</name>
                    <title>header menu LOGO. Check and click on it</title>
                </step>
                <step start="1551888821515" stop="1551888822424" status="passed">
                    <name>clickHeaderIndustries</name>
                    <title>header menu Industries. Check and click on it</title>
                </step>
                <step start="1551888822425" stop="1551888825356" status="passed">
                    <name>clickHeaderLogistics</name>
                    <title>header sub-menu Logistics. Check and click on it</title>
                </step>
                <step start="1551888825357" stop="1551888827643" status="passed">
                    <name>clickHeaderLogo</name>
                    <title>header menu LOGO. Check and click on it</title>
                </step>
                <step start="1551888827646" stop="1551888839206" status="failed">
                    <name>clickHeaderTravel</name>
                    <title>header sub-menu Travel. Check and click on it</title>
                </step>
            </steps>
            <attachments/>
            <labels>
                <label name="testSuite" value="Default Suite"/>
                <label name="testGroup" value="standalone-test"/>
                <label name="testClass" value="com.selenide.test.tests.quickTest"/>
                <label name="testMethod" value="CheckHeaderMenu"/>
                <label name="severity" value="critical"/>
                <label name="story" value="Check header menu elements"/>
                <label name="feature" value="Quick tests for checking out header menu"/>
                <label name="host" value="andrii"/>
                <label name="thread" value="26184@andrii.main(1)"/>
            </labels>
        </test-case>
        <test-case start="1551888839553" stop="1551888846678" status="broken">
            <name>CheckHeaderMenu on [quickTest passed=0 failed=0 skipped=0]</name>
            <title>Check header menu elements</title>
            <description type="text">1.1 Open start page. Check out header menu elements.</description>
            <failure>
                <message>Test was interrupted</message>
            </failure>
            <labels>
                <label name="testSuite" value="Default Suite"/>
                <label name="testGroup" value="standalone-test"/>
                <label name="testClass" value="com.selenide.test.tests.quickTest"/>
                <label name="testMethod" value="CheckHeaderMenu"/>
                <label name="severity" value="critical"/>
                <label name="story" value="Check header menu elements"/>
                <label name="feature" value="Quick tests for checking out header menu"/>
                <label name="host" value="andrii"/>
                <label name="thread" value="26184@andrii.main(1)"/>
            </labels>
        </test-case>
        <test-case start="1551888794090" stop="1551888846678" status="broken">
            <name>Default Suite : standalone-test</name>
            <title>Default Suite : standalone-test</title>
            <failure>
                <message>Test suite was interrupted, some test cases may be lost</message>
            </failure>
        </test-case>
    </test-cases>
    <labels>
        <label name="framework" value="TestNG"/>
        <label name="language" value="JAVA"/>
    </labels>
</ns2:test-suite>
